# JRE version: OpenJDK Runtime Environment Microsoft-8035246 (17.0.8+7) (build 17.0.8+7-LTS)
# Java VM: OpenJDK 64-Bit Server VM Microsoft-8035246 (17.0.8+7-LTS, mixed mode, sharing, tiered, compressed oops, compressed class ptrs, g1 gc, windows-amd64)
GC Precious Log:
 CPUs: 8 total, 8 available
 Memory: 16190M
 Large Page Support: Disabled
 NUMA Support: Disabled
 Compressed Oops: Enabled (32-bit)
 Heap Region Size: 1M
 Heap Min Capacity: 8M
 Heap Initial Capacity: 254M
 Heap Max Capacity: 2G
 Pre-touch: Disabled
 Parallel Workers: 8
 Concurrent Workers: 2
 Concurrent Refinement Workers: 8
 Periodic GC: Disabled
Heap:
 garbage-first heap   total 256000K, used 196589K [0x0000000080000000, 0x0000000100000000)
  region size 1024K, 34 young (34816K), 5 survivors (5120K)
 Metaspace       used 103799K, committed 104832K, reserved 557056K
  class space    used 14540K, committed 15040K, reserved 425984K
GC Heap History (20 events):
Event: 21.530 GC heap before
{Heap before GC invocations=34 (full 0):
 garbage-first heap   total 219136K, used 176166K [0x0000000080000000, 0x0000000100000000)
  region size 1024K, 85 young (87040K), 9 survivors (9216K)
 Metaspace       used 91685K, committed 92544K, reserved 557056K
  class space    used 12977K, committed 13440K, reserved 425984K
}
Event: 21.542 GC heap after
{Heap after GC invocations=35 (full 0):
 garbage-first heap   total 219136K, used 106462K [0x0000000080000000, 0x0000000100000000)
  region size 1024K, 10 young (10240K), 10 survivors (10240K)
 Metaspace       used 91685K, committed 92544K, reserved 557056K
  class space    used 12977K, committed 13440K, reserved 425984K
}
Event: 22.544 GC heap before
{Heap before GC invocations=35 (full 0):
 garbage-first heap   total 219136K, used 188382K [0x0000000080000000, 0x0000000100000000)
  region size 1024K, 80 young (81920K), 10 survivors (10240K)
 Metaspace       used 93389K, committed 94336K, reserved 557056K
  class space    used 13222K, committed 13696K, reserved 425984K
}
Event: 22.557 GC heap after
{Heap after GC invocations=36 (full 0):
 garbage-first heap   total 219136K, used 132268K [0x0000000080000000, 0x0000000100000000)
  region size 1024K, 10 young (10240K), 10 survivors (10240K)
 Metaspace       used 93389K, committed 94336K, reserved 557056K
  class space    used 13222K, committed 13696K, reserved 425984K
}
Event: 23.341 GC heap before
{Heap before GC invocations=36 (full 0):
 garbage-first heap   total 219136K, used 180396K [0x0000000080000000, 0x0000000100000000)
  region size 1024K, 57 young (58368K), 10 survivors (10240K)
 Metaspace       used 95226K, committed 96192K, reserved 557056K
  class space    used 13430K, committed 13888K, reserved 425984K
}
Event: 23.353 GC heap after
{Heap after GC invocations=37 (full 0):
 garbage-first heap   total 219136K, used 139053K [0x0000000080000000, 0x0000000100000000)
  region size 1024K, 6 young (6144K), 6 survivors (6144K)
 Metaspace       used 95226K, committed 96192K, reserved 557056K
  class space    used 13430K, committed 13888K, reserved 425984K
}
Event: 23.960 GC heap before
{Heap before GC invocations=38 (full 0):
 garbage-first heap   total 256000K, used 180013K [0x0000000080000000, 0x0000000100000000)
  region size 1024K, 45 young (46080K), 6 survivors (6144K)
 Metaspace       used 95919K, committed 96896K, reserved 557056K
  class space    used 13519K, committed 13952K, reserved 425984K
}
Event: 23.970 GC heap after
{Heap after GC invocations=39 (full 0):
 garbage-first heap   total 256000K, used 147783K [0x0000000080000000, 0x0000000100000000)
  region size 1024K, 6 young (6144K), 6 survivors (6144K)
 Metaspace       used 95919K, committed 96896K, reserved 557056K
  class space    used 13519K, committed 13952K, reserved 425984K
}
Event: 24.030 GC heap before
{Heap before GC invocations=39 (full 0):
 garbage-first heap   total 256000K, used 153927K [0x0000000080000000, 0x0000000100000000)
  region size 1024K, 12 young (12288K), 6 survivors (6144K)
 Metaspace       used 96222K, committed 97216K, reserved 557056K
  class space    used 13561K, committed 14016K, reserved 425984K
}
Event: 24.035 GC heap after
{Heap after GC invocations=40 (full 0):
 garbage-first heap   total 256000K, used 148884K [0x0000000080000000, 0x0000000100000000)
  region size 1024K, 1 young (1024K), 1 survivors (1024K)
 Metaspace       used 96222K, committed 97216K, reserved 557056K
  class space    used 13561K, committed 14016K, reserved 425984K
}
Event: 24.945 GC heap before
{Heap before GC invocations=40 (full 0):
 garbage-first heap   total 256000K, used 206228K [0x0000000080000000, 0x0000000100000000)
  region size 1024K, 57 young (58368K), 1 survivors (1024K)
 Metaspace       used 101139K, committed 102144K, reserved 557056K
  class space    used 14227K, committed 14720K, reserved 425984K
}
Event: 24.951 GC heap after
{Heap after GC invocations=41 (full 0):
 garbage-first heap   total 256000K, used 152086K [0x0000000080000000, 0x0000000100000000)
  region size 1024K, 5 young (5120K), 5 survivors (5120K)
 Metaspace       used 101139K, committed 102144K, reserved 557056K
  class space    used 14227K, committed 14720K, reserved 425984K
}
Event: 25.615 GC heap before
{Heap before GC invocations=41 (full 0):
 garbage-first heap   total 256000K, used 208406K [0x0000000080000000, 0x0000000100000000)
  region size 1024K, 60 young (61440K), 5 survivors (5120K)
 Metaspace       used 102696K, committed 103680K, reserved 557056K
  class space    used 14417K, committed 14912K, reserved 425984K
}
Event: 25.625 GC heap after
{Heap after GC invocations=42 (full 0):
 garbage-first heap   total 256000K, used 157521K [0x0000000080000000, 0x0000000100000000)
  region size 1024K, 8 young (8192K), 8 survivors (8192K)
 Metaspace       used 102696K, committed 103680K, reserved 557056K
  class space    used 14417K, committed 14912K, reserved 425984K
}
Event: 26.132 GC heap before
{Heap before GC invocations=42 (full 0):
 garbage-first heap   total 256000K, used 211793K [0x0000000080000000, 0x0000000100000000)
  region size 1024K, 61 young (62464K), 8 survivors (8192K)
 Metaspace       used 103432K, committed 104384K, reserved 557056K
  class space    used 14499K, committed 14976K, reserved 425984K
}
Event: 26.146 GC heap after
{Heap after GC invocations=43 (full 0):
 garbage-first heap   total 256000K, used 163077K [0x0000000080000000, 0x0000000100000000)
  region size 1024K, 6 young (6144K), 6 survivors (6144K)
 Metaspace       used 103432K, committed 104384K, reserved 557056K
  class space    used 14499K, committed 14976K, reserved 425984K
}
Event: 26.642 GC heap before
{Heap before GC invocations=43 (full 0):
 garbage-first heap   total 256000K, used 211205K [0x0000000080000000, 0x0000000100000000)
  region size 1024K, 54 young (55296K), 6 survivors (6144K)
 Metaspace       used 103791K, committed 104832K, reserved 557056K
  class space    used 14540K, committed 15040K, reserved 425984K
}
Event: 26.651 GC heap after
{Heap after GC invocations=44 (full 0):
 garbage-first heap   total 256000K, used 165630K [0x0000000080000000, 0x0000000100000000)
  region size 1024K, 3 young (3072K), 3 survivors (3072K)
 Metaspace       used 103791K, committed 104832K, reserved 557056K
  class space    used 14540K, committed 15040K, reserved 425984K
}
Event: 27.176 GC heap before
{Heap before GC invocations=44 (full 0):
 garbage-first heap   total 256000K, used 214782K [0x0000000080000000, 0x0000000100000000)
  region size 1024K, 52 young (53248K), 3 survivors (3072K)
 Metaspace       used 103799K, committed 104832K, reserved 557056K
  class space    used 14540K, committed 15040K, reserved 425984K
}
Event: 27.182 GC heap after
{Heap after GC invocations=45 (full 0):
 garbage-first heap   total 256000K, used 167917K [0x0000000080000000, 0x0000000100000000)
  region size 1024K, 5 young (5120K), 5 survivors (5120K)
 Metaspace       used 103799K, committed 104832K, reserved 557056K
  class space    used 14540K, committed 15040K, reserved 425984K
}

